CRITICAL - 2024-03-26 03:20:47 --> Invalid file: "index.php"
in SYSTEMPATH\Exceptions\FrameworkException.php on line 39.
 1 SYSTEMPATH\View\View.php(216): CodeIgniter\Exceptions\FrameworkException::forInvalidFile('index.php')
 2 SYSTEMPATH\Common.php(1190): CodeIgniter\View\View->render('index.php', [], true)
 3 APPPATH\Controllers\Home.php(9): view('index.php')
 4 SYSTEMPATH\CodeIgniter.php(942): App\Controllers\Home->index()
 5 SYSTEMPATH\CodeIgniter.php(502): CodeIgniter\CodeIgniter->runController(Object(App\Controllers\Home))
 6 SYSTEMPATH\CodeIgniter.php(361): CodeIgniter\CodeIgniter->handleRequest(null, Object(Config\Cache), false)
 7 FCPATH\index.php(79): CodeIgniter\CodeIgniter->run()
 8 SYSTEMPATH\Commands\Server\rewrite.php(47): require_once('C:\\xampp\\htdocs\\web-smi\\public\\index.php')
CRITICAL - 2024-03-26 03:25:36 --> Invalid file: "index.php"
in SYSTEMPATH\Exceptions\FrameworkException.php on line 39.
 1 SYSTEMPATH\View\View.php(216): CodeIgniter\Exceptions\FrameworkException::forInvalidFile('index.php')
 2 SYSTEMPATH\Common.php(1190): CodeIgniter\View\View->render('index.php', [], true)
 3 APPPATH\Controllers\Home.php(9): view('index.php')
 4 SYSTEMPATH\CodeIgniter.php(942): App\Controllers\Home->index()
 5 SYSTEMPATH\CodeIgniter.php(502): CodeIgniter\CodeIgniter->runController(Object(App\Controllers\Home))
 6 SYSTEMPATH\CodeIgniter.php(361): CodeIgniter\CodeIgniter->handleRequest(null, Object(Config\Cache), false)
 7 FCPATH\index.php(79): CodeIgniter\CodeIgniter->run()
 8 SYSTEMPATH\Commands\Server\rewrite.php(47): require_once('C:\\xampp\\htdocs\\web-smi\\public\\index.php')
CRITICAL - 2024-03-26 03:26:56 --> Invalid file: "hubungi-kami.php"
in SYSTEMPATH\Exceptions\FrameworkException.php on line 39.
 1 SYSTEMPATH\View\View.php(216): CodeIgniter\Exceptions\FrameworkException::forInvalidFile('hubungi-kami.php')
 2 SYSTEMPATH\Common.php(1190): CodeIgniter\View\View->render('hubungi-kami.php', [], true)
 3 APPPATH\Controllers\Contact.php(24): view('hubungi-kami.php')
 4 SYSTEMPATH\CodeIgniter.php(942): App\Controllers\Contact->index()
 5 SYSTEMPATH\CodeIgniter.php(502): CodeIgniter\CodeIgniter->runController(Object(App\Controllers\Contact))
 6 SYSTEMPATH\CodeIgniter.php(361): CodeIgniter\CodeIgniter->handleRequest(null, Object(Config\Cache), false)
 7 FCPATH\index.php(79): CodeIgniter\CodeIgniter->run()
 8 SYSTEMPATH\Commands\Server\rewrite.php(47): require_once('C:\\xampp\\htdocs\\web-smi\\public\\index.php')
CRITICAL - 2024-03-26 03:34:39 --> Invalid file: "home/Isi/home.php"
in SYSTEMPATH\Exceptions\FrameworkException.php on line 39.
 1 SYSTEMPATH\View\View.php(216): CodeIgniter\Exceptions\FrameworkException::forInvalidFile('home/Isi/home.php')
 2 SYSTEMPATH\Common.php(1190): CodeIgniter\View\View->render('home/Isi/home', [], true)
 3 APPPATH\Views\home\template\content.php(3): view('home/Isi/home')
 4 SYSTEMPATH\View\View.php(228): include('C:\\xampp\\htdocs\\web-smi\\app\\Views\\home\\template\\content.php')
 5 SYSTEMPATH\View\View.php(231): CodeIgniter\View\View->CodeIgniter\View\{closure}()
 6 SYSTEMPATH\Common.php(1190): CodeIgniter\View\View->render('home/template/content', [], true)
 7 APPPATH\Views\home\template\wrapper.php(4): view('home/template/content')
 8 SYSTEMPATH\View\View.php(228): include('C:\\xampp\\htdocs\\web-smi\\app\\Views\\home\\template\\wrapper.php')
 9 SYSTEMPATH\View\View.php(231): CodeIgniter\View\View->CodeIgniter\View\{closure}()
10 SYSTEMPATH\Common.php(1190): CodeIgniter\View\View->render('home/template/wrapper', [], true)
11 APPPATH\Controllers\Home.php(25): view('home/template/wrapper', [...])
12 SYSTEMPATH\CodeIgniter.php(942): App\Controllers\Home->index()
13 SYSTEMPATH\CodeIgniter.php(502): CodeIgniter\CodeIgniter->runController(Object(App\Controllers\Home))
14 SYSTEMPATH\CodeIgniter.php(361): CodeIgniter\CodeIgniter->handleRequest(null, Object(Config\Cache), false)
15 FCPATH\index.php(79): CodeIgniter\CodeIgniter->run()
16 SYSTEMPATH\Commands\Server\rewrite.php(47): require_once('C:\\xampp\\htdocs\\web-smi\\public\\index.php')
CRITICAL - 2024-03-26 03:34:40 --> Invalid file: "home/Isi/home.php"
in SYSTEMPATH\Exceptions\FrameworkException.php on line 39.
 1 SYSTEMPATH\View\View.php(216): CodeIgniter\Exceptions\FrameworkException::forInvalidFile('home/Isi/home.php')
 2 SYSTEMPATH\Common.php(1190): CodeIgniter\View\View->render('home/Isi/home', [], true)
 3 APPPATH\Views\home\template\content.php(3): view('home/Isi/home')
 4 SYSTEMPATH\View\View.php(228): include('C:\\xampp\\htdocs\\web-smi\\app\\Views\\home\\template\\content.php')
 5 SYSTEMPATH\View\View.php(231): CodeIgniter\View\View->CodeIgniter\View\{closure}()
 6 SYSTEMPATH\Common.php(1190): CodeIgniter\View\View->render('home/template/content', [], true)
 7 APPPATH\Views\home\template\wrapper.php(4): view('home/template/content')
 8 SYSTEMPATH\View\View.php(228): include('C:\\xampp\\htdocs\\web-smi\\app\\Views\\home\\template\\wrapper.php')
 9 SYSTEMPATH\View\View.php(231): CodeIgniter\View\View->CodeIgniter\View\{closure}()
10 SYSTEMPATH\Common.php(1190): CodeIgniter\View\View->render('home/template/wrapper', [], true)
11 APPPATH\Controllers\Home.php(25): view('home/template/wrapper', [...])
12 SYSTEMPATH\CodeIgniter.php(942): App\Controllers\Home->index()
13 SYSTEMPATH\CodeIgniter.php(502): CodeIgniter\CodeIgniter->runController(Object(App\Controllers\Home))
14 SYSTEMPATH\CodeIgniter.php(361): CodeIgniter\CodeIgniter->handleRequest(null, Object(Config\Cache), false)
15 FCPATH\index.php(79): CodeIgniter\CodeIgniter->run()
16 SYSTEMPATH\Commands\Server\rewrite.php(47): require_once('C:\\xampp\\htdocs\\web-smi\\public\\index.php')
CRITICAL - 2024-03-26 03:36:51 --> Invalid file: "home/Isi/home.php"
in SYSTEMPATH\Exceptions\FrameworkException.php on line 39.
 1 SYSTEMPATH\View\View.php(216): CodeIgniter\Exceptions\FrameworkException::forInvalidFile('home/Isi/home.php')
 2 SYSTEMPATH\Common.php(1190): CodeIgniter\View\View->render('home/Isi/home', [], true)
 3 APPPATH\Views\home\template\content.php(3): view('home/Isi/home')
 4 SYSTEMPATH\View\View.php(228): include('C:\\xampp\\htdocs\\web-smi\\app\\Views\\home\\template\\content.php')
 5 SYSTEMPATH\View\View.php(231): CodeIgniter\View\View->CodeIgniter\View\{closure}()
 6 SYSTEMPATH\Common.php(1190): CodeIgniter\View\View->render('home/template/content', [], true)
 7 APPPATH\Views\home\template\wrapper.php(4): view('home/template/content')
 8 SYSTEMPATH\View\View.php(228): include('C:\\xampp\\htdocs\\web-smi\\app\\Views\\home\\template\\wrapper.php')
 9 SYSTEMPATH\View\View.php(231): CodeIgniter\View\View->CodeIgniter\View\{closure}()
10 SYSTEMPATH\Common.php(1190): CodeIgniter\View\View->render('home/template/wrapper', [], true)
11 APPPATH\Controllers\Home.php(25): view('home/template/wrapper', [...])
12 SYSTEMPATH\CodeIgniter.php(942): App\Controllers\Home->index()
13 SYSTEMPATH\CodeIgniter.php(502): CodeIgniter\CodeIgniter->runController(Object(App\Controllers\Home))
14 SYSTEMPATH\CodeIgniter.php(361): CodeIgniter\CodeIgniter->handleRequest(null, Object(Config\Cache), false)
15 FCPATH\index.php(79): CodeIgniter\CodeIgniter->run()
16 SYSTEMPATH\Commands\Server\rewrite.php(47): require_once('C:\\xampp\\htdocs\\web-smi\\public\\index.php')
CRITICAL - 2024-03-26 03:36:54 --> Invalid file: "home/Isi/home.php"
in SYSTEMPATH\Exceptions\FrameworkException.php on line 39.
 1 SYSTEMPATH\View\View.php(216): CodeIgniter\Exceptions\FrameworkException::forInvalidFile('home/Isi/home.php')
 2 SYSTEMPATH\Common.php(1190): CodeIgniter\View\View->render('home/Isi/home', [], true)
 3 APPPATH\Views\home\template\content.php(3): view('home/Isi/home')
 4 SYSTEMPATH\View\View.php(228): include('C:\\xampp\\htdocs\\web-smi\\app\\Views\\home\\template\\content.php')
 5 SYSTEMPATH\View\View.php(231): CodeIgniter\View\View->CodeIgniter\View\{closure}()
 6 SYSTEMPATH\Common.php(1190): CodeIgniter\View\View->render('home/template/content', [], true)
 7 APPPATH\Views\home\template\wrapper.php(4): view('home/template/content')
 8 SYSTEMPATH\View\View.php(228): include('C:\\xampp\\htdocs\\web-smi\\app\\Views\\home\\template\\wrapper.php')
 9 SYSTEMPATH\View\View.php(231): CodeIgniter\View\View->CodeIgniter\View\{closure}()
10 SYSTEMPATH\Common.php(1190): CodeIgniter\View\View->render('home/template/wrapper', [], true)
11 APPPATH\Controllers\Home.php(25): view('home/template/wrapper', [...])
12 SYSTEMPATH\CodeIgniter.php(942): App\Controllers\Home->index()
13 SYSTEMPATH\CodeIgniter.php(502): CodeIgniter\CodeIgniter->runController(Object(App\Controllers\Home))
14 SYSTEMPATH\CodeIgniter.php(361): CodeIgniter\CodeIgniter->handleRequest(null, Object(Config\Cache), false)
15 FCPATH\index.php(79): CodeIgniter\CodeIgniter->run()
16 SYSTEMPATH\Commands\Server\rewrite.php(47): require_once('C:\\xampp\\htdocs\\web-smi\\public\\index.php')
CRITICAL - 2024-03-26 03:38:55 --> Invalid file: "tentang-smi.php"
in SYSTEMPATH\Exceptions\FrameworkException.php on line 39.
 1 SYSTEMPATH\View\View.php(216): CodeIgniter\Exceptions\FrameworkException::forInvalidFile('tentang-smi.php')
 2 SYSTEMPATH\Common.php(1190): CodeIgniter\View\View->render('tentang-smi.php', [], true)
 3 APPPATH\Controllers\TentangSmi.php(33): view('tentang-smi.php')
 4 SYSTEMPATH\CodeIgniter.php(942): App\Controllers\TentangSmi->index()
 5 SYSTEMPATH\CodeIgniter.php(502): CodeIgniter\CodeIgniter->runController(Object(App\Controllers\TentangSmi))
 6 SYSTEMPATH\CodeIgniter.php(361): CodeIgniter\CodeIgniter->handleRequest(null, Object(Config\Cache), false)
 7 FCPATH\index.php(79): CodeIgniter\CodeIgniter->run()
 8 SYSTEMPATH\Commands\Server\rewrite.php(47): require_once('C:\\xampp\\htdocs\\web-smi\\public\\index.php')
CRITICAL - 2024-03-26 03:40:22 --> Invalid file: "index.php"
in SYSTEMPATH\Exceptions\FrameworkException.php on line 39.
 1 SYSTEMPATH\View\View.php(216): CodeIgniter\Exceptions\FrameworkException::forInvalidFile('index.php')
 2 SYSTEMPATH\Common.php(1190): CodeIgniter\View\View->render('index.php', [], true)
 3 APPPATH\Controllers\Home.php(9): view('index.php')
 4 SYSTEMPATH\CodeIgniter.php(942): App\Controllers\Home->index()
 5 SYSTEMPATH\CodeIgniter.php(502): CodeIgniter\CodeIgniter->runController(Object(App\Controllers\Home))
 6 SYSTEMPATH\CodeIgniter.php(361): CodeIgniter\CodeIgniter->handleRequest(null, Object(Config\Cache), false)
 7 FCPATH\index.php(79): CodeIgniter\CodeIgniter->run()
 8 SYSTEMPATH\Commands\Server\rewrite.php(47): require_once('C:\\xampp\\htdocs\\web-smi\\public\\index.php')
CRITICAL - 2024-03-26 03:40:22 --> Invalid file: "index.php"
in SYSTEMPATH\Exceptions\FrameworkException.php on line 39.
 1 SYSTEMPATH\View\View.php(216): CodeIgniter\Exceptions\FrameworkException::forInvalidFile('index.php')
 2 SYSTEMPATH\Common.php(1190): CodeIgniter\View\View->render('index.php', [], true)
 3 APPPATH\Controllers\Home.php(9): view('index.php')
 4 SYSTEMPATH\CodeIgniter.php(942): App\Controllers\Home->index()
 5 SYSTEMPATH\CodeIgniter.php(502): CodeIgniter\CodeIgniter->runController(Object(App\Controllers\Home))
 6 SYSTEMPATH\CodeIgniter.php(361): CodeIgniter\CodeIgniter->handleRequest(null, Object(Config\Cache), false)
 7 FCPATH\index.php(79): CodeIgniter\CodeIgniter->run()
 8 SYSTEMPATH\Commands\Server\rewrite.php(47): require_once('C:\\xampp\\htdocs\\web-smi\\public\\index.php')
CRITICAL - 2024-03-26 03:40:37 --> Invalid file: "home/index.php"
in SYSTEMPATH\Exceptions\FrameworkException.php on line 39.
 1 SYSTEMPATH\View\View.php(216): CodeIgniter\Exceptions\FrameworkException::forInvalidFile('home/index.php')
 2 SYSTEMPATH\Common.php(1190): CodeIgniter\View\View->render('home/index.php', [], true)
 3 APPPATH\Controllers\Home.php(9): view('home/index.php')
 4 SYSTEMPATH\CodeIgniter.php(942): App\Controllers\Home->index()
 5 SYSTEMPATH\CodeIgniter.php(502): CodeIgniter\CodeIgniter->runController(Object(App\Controllers\Home))
 6 SYSTEMPATH\CodeIgniter.php(361): CodeIgniter\CodeIgniter->handleRequest(null, Object(Config\Cache), false)
 7 FCPATH\index.php(79): CodeIgniter\CodeIgniter->run()
 8 SYSTEMPATH\Commands\Server\rewrite.php(47): require_once('C:\\xampp\\htdocs\\web-smi\\public\\index.php')
CRITICAL - 2024-03-26 03:44:27 --> Invalid file: "home/Isi/home.php"
in SYSTEMPATH\Exceptions\FrameworkException.php on line 39.
 1 SYSTEMPATH\View\View.php(216): CodeIgniter\Exceptions\FrameworkException::forInvalidFile('home/Isi/home.php')
 2 SYSTEMPATH\Common.php(1190): CodeIgniter\View\View->render('home/Isi/home', [], true)
 3 APPPATH\Views\home\template\content.php(3): view('home/Isi/home')
 4 SYSTEMPATH\View\View.php(228): include('C:\\xampp\\htdocs\\web-smi\\app\\Views\\home\\template\\content.php')
 5 SYSTEMPATH\View\View.php(231): CodeIgniter\View\View->CodeIgniter\View\{closure}()
 6 SYSTEMPATH\Common.php(1190): CodeIgniter\View\View->render('home/template/content', [], true)
 7 APPPATH\Views\home\template\wrapper.php(4): view('home/template/content')
 8 SYSTEMPATH\View\View.php(228): include('C:\\xampp\\htdocs\\web-smi\\app\\Views\\home\\template\\wrapper.php')
 9 SYSTEMPATH\View\View.php(231): CodeIgniter\View\View->CodeIgniter\View\{closure}()
10 SYSTEMPATH\Common.php(1190): CodeIgniter\View\View->render('home/template/wrapper', [], true)
11 APPPATH\Controllers\Home.php(15): view('home/template/wrapper', [...])
12 SYSTEMPATH\CodeIgniter.php(942): App\Controllers\Home->index()
13 SYSTEMPATH\CodeIgniter.php(502): CodeIgniter\CodeIgniter->runController(Object(App\Controllers\Home))
14 SYSTEMPATH\CodeIgniter.php(361): CodeIgniter\CodeIgniter->handleRequest(null, Object(Config\Cache), false)
15 FCPATH\index.php(79): CodeIgniter\CodeIgniter->run()
16 SYSTEMPATH\Commands\Server\rewrite.php(47): require_once('C:\\xampp\\htdocs\\web-smi\\public\\index.php')
CRITICAL - 2024-03-26 03:44:28 --> Invalid file: "home/Isi/home.php"
in SYSTEMPATH\Exceptions\FrameworkException.php on line 39.
 1 SYSTEMPATH\View\View.php(216): CodeIgniter\Exceptions\FrameworkException::forInvalidFile('home/Isi/home.php')
 2 SYSTEMPATH\Common.php(1190): CodeIgniter\View\View->render('home/Isi/home', [], true)
 3 APPPATH\Views\home\template\content.php(3): view('home/Isi/home')
 4 SYSTEMPATH\View\View.php(228): include('C:\\xampp\\htdocs\\web-smi\\app\\Views\\home\\template\\content.php')
 5 SYSTEMPATH\View\View.php(231): CodeIgniter\View\View->CodeIgniter\View\{closure}()
 6 SYSTEMPATH\Common.php(1190): CodeIgniter\View\View->render('home/template/content', [], true)
 7 APPPATH\Views\home\template\wrapper.php(4): view('home/template/content')
 8 SYSTEMPATH\View\View.php(228): include('C:\\xampp\\htdocs\\web-smi\\app\\Views\\home\\template\\wrapper.php')
 9 SYSTEMPATH\View\View.php(231): CodeIgniter\View\View->CodeIgniter\View\{closure}()
10 SYSTEMPATH\Common.php(1190): CodeIgniter\View\View->render('home/template/wrapper', [], true)
11 APPPATH\Controllers\Home.php(15): view('home/template/wrapper', [...])
12 SYSTEMPATH\CodeIgniter.php(942): App\Controllers\Home->index()
13 SYSTEMPATH\CodeIgniter.php(502): CodeIgniter\CodeIgniter->runController(Object(App\Controllers\Home))
14 SYSTEMPATH\CodeIgniter.php(361): CodeIgniter\CodeIgniter->handleRequest(null, Object(Config\Cache), false)
15 FCPATH\index.php(79): CodeIgniter\CodeIgniter->run()
16 SYSTEMPATH\Commands\Server\rewrite.php(47): require_once('C:\\xampp\\htdocs\\web-smi\\public\\index.php')
CRITICAL - 2024-03-26 05:33:12 --> Invalid file: "home/Isi/index.php"
in SYSTEMPATH\Exceptions\FrameworkException.php on line 39.
 1 SYSTEMPATH\View\View.php(216): CodeIgniter\Exceptions\FrameworkException::forInvalidFile('home/Isi/index.php')
 2 SYSTEMPATH\Common.php(1190): CodeIgniter\View\View->render('home/Isi/index', [], true)
 3 APPPATH\Views\home\template\content.php(3): view('home/Isi/index')
 4 SYSTEMPATH\View\View.php(228): include('C:\\xampp\\htdocs\\web-smi\\app\\Views\\home\\template\\content.php')
 5 SYSTEMPATH\View\View.php(231): CodeIgniter\View\View->CodeIgniter\View\{closure}()
 6 SYSTEMPATH\Common.php(1190): CodeIgniter\View\View->render('home/template/content', [], true)
 7 APPPATH\Views\home\template\wrapper.php(4): view('home/template/content')
 8 SYSTEMPATH\View\View.php(228): include('C:\\xampp\\htdocs\\web-smi\\app\\Views\\home\\template\\wrapper.php')
 9 SYSTEMPATH\View\View.php(231): CodeIgniter\View\View->CodeIgniter\View\{closure}()
10 SYSTEMPATH\Common.php(1190): CodeIgniter\View\View->render('home/template/wrapper', [], true)
11 APPPATH\Controllers\Home.php(26): view('home/template/wrapper', [...])
12 SYSTEMPATH\CodeIgniter.php(942): App\Controllers\Home->index()
13 SYSTEMPATH\CodeIgniter.php(502): CodeIgniter\CodeIgniter->runController(Object(App\Controllers\Home))
14 SYSTEMPATH\CodeIgniter.php(361): CodeIgniter\CodeIgniter->handleRequest(null, Object(Config\Cache), false)
15 FCPATH\index.php(79): CodeIgniter\CodeIgniter->run()
16 SYSTEMPATH\Commands\Server\rewrite.php(47): require_once('C:\\xampp\\htdocs\\web-smi\\public\\index.php')
CRITICAL - 2024-03-26 05:33:46 --> Invalid file: "home/Isi/index.php"
in SYSTEMPATH\Exceptions\FrameworkException.php on line 39.
 1 SYSTEMPATH\View\View.php(216): CodeIgniter\Exceptions\FrameworkException::forInvalidFile('home/Isi/index.php')
 2 SYSTEMPATH\Common.php(1190): CodeIgniter\View\View->render('home/Isi/index', [], true)
 3 APPPATH\Views\home\template\content.php(3): view('home/Isi/index')
 4 SYSTEMPATH\View\View.php(228): include('C:\\xampp\\htdocs\\web-smi\\app\\Views\\home\\template\\content.php')
 5 SYSTEMPATH\View\View.php(231): CodeIgniter\View\View->CodeIgniter\View\{closure}()
 6 SYSTEMPATH\Common.php(1190): CodeIgniter\View\View->render('home/template/content', [], true)
 7 APPPATH\Views\home\template\wrapper.php(4): view('home/template/content')
 8 SYSTEMPATH\View\View.php(228): include('C:\\xampp\\htdocs\\web-smi\\app\\Views\\home\\template\\wrapper.php')
 9 SYSTEMPATH\View\View.php(231): CodeIgniter\View\View->CodeIgniter\View\{closure}()
10 SYSTEMPATH\Common.php(1190): CodeIgniter\View\View->render('home/template/wrapper', [], true)
11 APPPATH\Controllers\Home.php(26): view('home/template/wrapper', [...])
12 SYSTEMPATH\CodeIgniter.php(942): App\Controllers\Home->index()
13 SYSTEMPATH\CodeIgniter.php(502): CodeIgniter\CodeIgniter->runController(Object(App\Controllers\Home))
14 SYSTEMPATH\CodeIgniter.php(361): CodeIgniter\CodeIgniter->handleRequest(null, Object(Config\Cache), false)
15 FCPATH\index.php(79): CodeIgniter\CodeIgniter->run()
16 SYSTEMPATH\Commands\Server\rewrite.php(47): require_once('C:\\xampp\\htdocs\\web-smi\\public\\index.php')
