CRITICAL - 2024-03-25 03:12:51 --> Invalid file: "galeri.php"
in SYSTEMPATH\Exceptions\FrameworkException.php on line 39.
 1 SYSTEMPATH\View\View.php(216): CodeIgniter\Exceptions\FrameworkException::forInvalidFile('galeri.php')
 2 SYSTEMPATH\Common.php(1190): CodeIgniter\View\View->render('galeri.php', [], true)
 3 APPPATH\Controllers\Home.php(77): view('galeri.php')
 4 SYSTEMPATH\CodeIgniter.php(942): App\Controllers\Home->galeri()
 5 SYSTEMPATH\CodeIgniter.php(502): CodeIgniter\CodeIgniter->runController(Object(App\Controllers\Home))
 6 SYSTEMPATH\CodeIgniter.php(361): CodeIgniter\CodeIgniter->handleRequest(null, Object(Config\Cache), false)
 7 FCPATH\index.php(79): CodeIgniter\CodeIgniter->run()
 8 SYSTEMPATH\Commands\Server\rewrite.php(47): require_once('D:\\xampp\\htdocs\\web-smi\\public\\index.php')
CRITICAL - 2024-03-25 04:24:10 --> Invalid file: "visimisi.php"
in SYSTEMPATH\Exceptions\FrameworkException.php on line 39.
 1 SYSTEMPATH\View\View.php(216): CodeIgniter\Exceptions\FrameworkException::forInvalidFile('visimisi.php')
 2 SYSTEMPATH\Common.php(1190): CodeIgniter\View\View->render('visimisi.php', [], true)
 3 APPPATH\Controllers\Visimisi.php(24): view('visimisi.php')
 4 SYSTEMPATH\CodeIgniter.php(942): App\Controllers\Visimisi->index()
 5 SYSTEMPATH\CodeIgniter.php(502): CodeIgniter\CodeIgniter->runController(Object(App\Controllers\Visimisi))
 6 SYSTEMPATH\CodeIgniter.php(361): CodeIgniter\CodeIgniter->handleRequest(null, Object(Config\Cache), false)
 7 FCPATH\index.php(79): CodeIgniter\CodeIgniter->run()
 8 SYSTEMPATH\Commands\Server\rewrite.php(47): require_once('C:\\xampp\\htdocs\\web-smi\\public\\index.php')
CRITICAL - 2024-03-25 04:25:19 --> Invalid file: "best.php"
in SYSTEMPATH\Exceptions\FrameworkException.php on line 39.
 1 SYSTEMPATH\View\View.php(216): CodeIgniter\Exceptions\FrameworkException::forInvalidFile('best.php')
 2 SYSTEMPATH\Common.php(1190): CodeIgniter\View\View->render('best.php', [], true)
 3 APPPATH\Controllers\Best.php(24): view('best.php')
 4 SYSTEMPATH\CodeIgniter.php(942): App\Controllers\Best->index()
 5 SYSTEMPATH\CodeIgniter.php(502): CodeIgniter\CodeIgniter->runController(Object(App\Controllers\Best))
 6 SYSTEMPATH\CodeIgniter.php(361): CodeIgniter\CodeIgniter->handleRequest(null, Object(Config\Cache), false)
 7 FCPATH\index.php(79): CodeIgniter\CodeIgniter->run()
 8 SYSTEMPATH\Commands\Server\rewrite.php(47): require_once('C:\\xampp\\htdocs\\web-smi\\public\\index.php')
CRITICAL - 2024-03-25 06:45:01 --> Undefined variable $title
in APPPATH\Views\layouts\template.php on line 4.
 1 APPPATH\Views\layouts\template.php(4): CodeIgniter\Debug\Exceptions->errorHandler(2, 'Undefined variable $title', 'D:\\xampp\\htdocs\\web-smi\\app\\Views\\layouts\\template.php', 4)
 2 SYSTEMPATH\View\View.php(228): include('D:\\xampp\\htdocs\\web-smi\\app\\Views\\layouts\\template.php')
 3 SYSTEMPATH\View\View.php(231): CodeIgniter\View\View->CodeIgniter\View\{closure}()
 4 SYSTEMPATH\View\View.php(244): CodeIgniter\View\View->render('layouts/template', [], true)
 5 SYSTEMPATH\Common.php(1190): CodeIgniter\View\View->render('tentang-smi.php', [], true)
 6 APPPATH\Controllers\TentangSmi.php(24): view('tentang-smi.php')
 7 SYSTEMPATH\CodeIgniter.php(942): App\Controllers\TentangSmi->index()
 8 SYSTEMPATH\CodeIgniter.php(502): CodeIgniter\CodeIgniter->runController(Object(App\Controllers\TentangSmi))
 9 SYSTEMPATH\CodeIgniter.php(361): CodeIgniter\CodeIgniter->handleRequest(null, Object(Config\Cache), false)
10 FCPATH\index.php(79): CodeIgniter\CodeIgniter->run()
11 SYSTEMPATH\Commands\Server\rewrite.php(47): require_once('D:\\xampp\\htdocs\\web-smi\\public\\index.php')
CRITICAL - 2024-03-25 06:45:17 --> Undefined variable $title
in APPPATH\Views\layouts\template.php on line 4.
 1 APPPATH\Views\layouts\template.php(4): CodeIgniter\Debug\Exceptions->errorHandler(2, 'Undefined variable $title', 'D:\\xampp\\htdocs\\web-smi\\app\\Views\\layouts\\template.php', 4)
 2 SYSTEMPATH\View\View.php(228): include('D:\\xampp\\htdocs\\web-smi\\app\\Views\\layouts\\template.php')
 3 SYSTEMPATH\View\View.php(231): CodeIgniter\View\View->CodeIgniter\View\{closure}()
 4 SYSTEMPATH\View\View.php(244): CodeIgniter\View\View->render('layouts/template', [], true)
 5 SYSTEMPATH\Common.php(1190): CodeIgniter\View\View->render('tentang-smi.php', [], true)
 6 APPPATH\Controllers\TentangSmi.php(24): view('tentang-smi.php')
 7 SYSTEMPATH\CodeIgniter.php(942): App\Controllers\TentangSmi->index()
 8 SYSTEMPATH\CodeIgniter.php(502): CodeIgniter\CodeIgniter->runController(Object(App\Controllers\TentangSmi))
 9 SYSTEMPATH\CodeIgniter.php(361): CodeIgniter\CodeIgniter->handleRequest(null, Object(Config\Cache), false)
10 FCPATH\index.php(79): CodeIgniter\CodeIgniter->run()
11 SYSTEMPATH\Commands\Server\rewrite.php(47): require_once('D:\\xampp\\htdocs\\web-smi\\public\\index.php')
CRITICAL - 2024-03-25 06:45:24 --> Undefined variable $title
in APPPATH\Views\layouts\template.php on line 4.
 1 APPPATH\Views\layouts\template.php(4): CodeIgniter\Debug\Exceptions->errorHandler(2, 'Undefined variable $title', 'D:\\xampp\\htdocs\\web-smi\\app\\Views\\layouts\\template.php', 4)
 2 SYSTEMPATH\View\View.php(228): include('D:\\xampp\\htdocs\\web-smi\\app\\Views\\layouts\\template.php')
 3 SYSTEMPATH\View\View.php(231): CodeIgniter\View\View->CodeIgniter\View\{closure}()
 4 SYSTEMPATH\View\View.php(244): CodeIgniter\View\View->render('layouts/template', [], true)
 5 SYSTEMPATH\Common.php(1190): CodeIgniter\View\View->render('tentang-smi.php', [], true)
 6 APPPATH\Controllers\TentangSmi.php(24): view('tentang-smi.php')
 7 SYSTEMPATH\CodeIgniter.php(942): App\Controllers\TentangSmi->index()
 8 SYSTEMPATH\CodeIgniter.php(502): CodeIgniter\CodeIgniter->runController(Object(App\Controllers\TentangSmi))
 9 SYSTEMPATH\CodeIgniter.php(361): CodeIgniter\CodeIgniter->handleRequest(null, Object(Config\Cache), false)
10 FCPATH\index.php(79): CodeIgniter\CodeIgniter->run()
11 SYSTEMPATH\Commands\Server\rewrite.php(47): require_once('D:\\xampp\\htdocs\\web-smi\\public\\index.php')
CRITICAL - 2024-03-25 06:46:40 --> Undefined variable $title
in APPPATH\Views\layouts\template.php on line 5.
 1 APPPATH\Views\layouts\template.php(5): CodeIgniter\Debug\Exceptions->errorHandler(2, 'Undefined variable $title', 'D:\\xampp\\htdocs\\web-smi\\app\\Views\\layouts\\template.php', 5)
 2 SYSTEMPATH\View\View.php(228): include('D:\\xampp\\htdocs\\web-smi\\app\\Views\\layouts\\template.php')
 3 SYSTEMPATH\View\View.php(231): CodeIgniter\View\View->CodeIgniter\View\{closure}()
 4 SYSTEMPATH\View\View.php(244): CodeIgniter\View\View->render('layouts/template', [], true)
 5 SYSTEMPATH\Common.php(1190): CodeIgniter\View\View->render('tentang-smi.php', [], true)
 6 APPPATH\Controllers\TentangSmi.php(24): view('tentang-smi.php')
 7 SYSTEMPATH\CodeIgniter.php(942): App\Controllers\TentangSmi->index()
 8 SYSTEMPATH\CodeIgniter.php(502): CodeIgniter\CodeIgniter->runController(Object(App\Controllers\TentangSmi))
 9 SYSTEMPATH\CodeIgniter.php(361): CodeIgniter\CodeIgniter->handleRequest(null, Object(Config\Cache), false)
10 FCPATH\index.php(79): CodeIgniter\CodeIgniter->run()
11 SYSTEMPATH\Commands\Server\rewrite.php(47): require_once('D:\\xampp\\htdocs\\web-smi\\public\\index.php')
CRITICAL - 2024-03-25 06:49:39 --> Undefined variable $title
in APPPATH\Views\layouts\template.php on line 5.
 1 APPPATH\Views\layouts\template.php(5): CodeIgniter\Debug\Exceptions->errorHandler(2, 'Undefined variable $title', 'D:\\xampp\\htdocs\\web-smi\\app\\Views\\layouts\\template.php', 5)
 2 SYSTEMPATH\View\View.php(228): include('D:\\xampp\\htdocs\\web-smi\\app\\Views\\layouts\\template.php')
 3 SYSTEMPATH\View\View.php(231): CodeIgniter\View\View->CodeIgniter\View\{closure}()
 4 SYSTEMPATH\View\View.php(244): CodeIgniter\View\View->render('layouts/template', [], true)
 5 SYSTEMPATH\Common.php(1190): CodeIgniter\View\View->render('tentang-smi.php', [], true)
 6 APPPATH\Controllers\TentangSmi.php(24): view('tentang-smi.php')
 7 SYSTEMPATH\CodeIgniter.php(942): App\Controllers\TentangSmi->index()
 8 SYSTEMPATH\CodeIgniter.php(502): CodeIgniter\CodeIgniter->runController(Object(App\Controllers\TentangSmi))
 9 SYSTEMPATH\CodeIgniter.php(361): CodeIgniter\CodeIgniter->handleRequest(null, Object(Config\Cache), false)
10 FCPATH\index.php(79): CodeIgniter\CodeIgniter->run()
11 SYSTEMPATH\Commands\Server\rewrite.php(47): require_once('D:\\xampp\\htdocs\\web-smi\\public\\index.php')
